---------------------------------------------
OSHONSOFT Z80 ASSEMBLER LISTING
Line   Addr Opcode      Label   Instruction
---------------------------------------------
0001   0000 26 10       ETIQ1: 	LD H,10H
0002   0002 2E 00       	LD L,0H
0003   0004 F9          	LD SP,HL
0004   0005 16 00       	LD D,0H
0005   0007 06 0A       ETIQ6:	LD B,AH
0006   0009 CD 1D 00    ETIQ2: 	CALL FUN1
0007   000C 2C          	INC L
0008   000D 3E 01       	LD A,1H
0009   000F A8          	XOR B
0010   0010 20 F7       	JR NZ,ETIQ2
0011   0012 0E 00       	LD C,0H
0012   0014 71          	LD (HL),C
0013   0015 14          	INC D
0014   0016 FE 10       	CP 10H
0015   0018 20 ED       	JR NZ,ETIQ6
0016   001A C3 00 00    	JP ETIQ1
0017   001D 05          FUN1:  	DEC B
0018   001E 0E 00       	LD C,0H
0019   0020 71          ETIQ3:	LD (HL),C
0020   0021 78          	LD A,B
0021   0022 0C          	INC C
0022   0023 2C          	INC L
0023   0024 20 01       	JR NZ,ETIQ5
0024   0026 24          	INC H
0025   0027 A9          ETIQ5:	XOR C
0026   0028 20 F6       	JR NZ,ETIQ3
0027   002A 71          	LD (HL),C
0028   002B C9          	RET
Number of errors = 0
